1609857730727:help
1609857734779:hello
1609857737430:exit
1609889016015:help
1609889023855:marshal
1609889036535:stacktrace
1609889152517:marshal
1609889156704:stacktrace
1609889223004:marshal
1609889806384:help
1609889809578:add-client
1609891308742:help
1609891318501:marshal
1609891327853:stacktrace
1609892742449:marshal
1609896389462:help
1609896677279:add-client
1609896685039:stacktrace
1609896717333:add-client
1609896748741:stacktrace
1609899021158:help
1609899027277:add-client
1609899031283:stacktrace
1609899333852:add-client
1609951005497:stacktrace
1609951056084:marshal
1609951058603:stacktrace
1609953563532:marshal
